2021-08-23 16:46:07,490 [Worker-5: Loading available Gradle versions] INFO  o.e.b.c.i.u.g.PublishedGradleVersions - Gradle version information cache is up-to-date. Trying to read.
2021-08-23 16:48:10,233 [Worker-1: Loading available Gradle versions] INFO  o.e.b.c.i.u.g.PublishedGradleVersions - Gradle version information cache is up-to-date. Trying to read.
2021-08-23 16:50:03,796 [Worker-5: Creating project "gitbasics"] INFO  o.e.m.c.i.l.LifecycleMappingFactory - Using org.eclipse.m2e.jdt.JarLifecycleMapping lifecycle mapping for MavenProject: com.tecsup.lab2:gitbasics:0.0.1-SNAPSHOT @ D:\Jaibey Pisco\C24_Class\4C24\Construcción _y_Pruebas_de_Software\S2\lab-4C24-JPF-Project3\gitbasics\pom.xml.
2021-08-23 16:50:05,629 [Worker-5: Creating project "gitbasics"] INFO  o.e.m.j.i.AbstractJavaProjectConfigurator - Adding source folder /gitbasics/src/main/java
2021-08-23 16:50:05,632 [Worker-5: Creating project "gitbasics"] INFO  o.e.m.j.i.AbstractJavaProjectConfigurator - Adding resource folder /gitbasics/src/main/resources
2021-08-23 16:50:05,635 [Worker-5: Creating project "gitbasics"] INFO  o.e.m.j.i.AbstractJavaProjectConfigurator - Adding source folder /gitbasics/src/test/java
2021-08-23 16:50:05,635 [Worker-5: Creating project "gitbasics"] INFO  o.e.m.j.i.AbstractJavaProjectConfigurator - Adding resource folder /gitbasics/src/test/resources
2021-08-23 16:50:08,594 [Worker-0: Building] WARN  o.e.m.c.i.embedder.EclipseLogger - Using platform encoding (Cp1252 actually) to copy filtered resources, i.e. build is platform dependent!
2021-08-23 16:50:08,635 [Worker-0: Building] INFO  o.e.m.c.i.embedder.EclipseLogger - Copying 0 resource
2021-08-23 16:50:08,640 [Worker-0: Building] WARN  o.e.m.c.i.embedder.EclipseLogger - Using platform encoding (Cp1252 actually) to copy filtered resources, i.e. build is platform dependent!
2021-08-23 16:50:08,642 [Worker-0: Building] INFO  o.e.m.c.i.embedder.EclipseLogger - Copying 0 resource
2021-08-23 16:51:06,285 [Worker-2: Building] WARN  o.e.m.c.i.embedder.EclipseLogger - Using platform encoding (Cp1252 actually) to copy filtered resources, i.e. build is platform dependent!
2021-08-23 16:51:06,295 [Worker-2: Building] INFO  o.e.m.c.i.embedder.EclipseLogger - Copying 0 resource
2021-08-23 16:51:06,298 [Worker-2: Building] WARN  o.e.m.c.i.embedder.EclipseLogger - Using platform encoding (Cp1252 actually) to copy filtered resources, i.e. build is platform dependent!
2021-08-23 16:51:06,299 [Worker-2: Building] INFO  o.e.m.c.i.embedder.EclipseLogger - Copying 0 resource
2021-08-23 16:51:08,520 [Worker-0: Building] WARN  o.e.m.c.i.embedder.EclipseLogger - Using platform encoding (Cp1252 actually) to copy filtered resources, i.e. build is platform dependent!
2021-08-23 16:51:08,522 [Worker-0: Building] INFO  o.e.m.c.i.embedder.EclipseLogger - Copying 0 resource
2021-08-23 16:51:08,525 [Worker-0: Building] WARN  o.e.m.c.i.embedder.EclipseLogger - Using platform encoding (Cp1252 actually) to copy filtered resources, i.e. build is platform dependent!
2021-08-23 16:51:08,526 [Worker-0: Building] INFO  o.e.m.c.i.embedder.EclipseLogger - Copying 0 resource
2021-08-23 16:51:30,028 [Worker-2: Building] WARN  o.e.m.c.i.embedder.EclipseLogger - Using platform encoding (Cp1252 actually) to copy filtered resources, i.e. build is platform dependent!
2021-08-23 16:51:30,029 [Worker-2: Building] INFO  o.e.m.c.i.embedder.EclipseLogger - Copying 0 resource
2021-08-23 16:51:30,031 [Worker-2: Building] WARN  o.e.m.c.i.embedder.EclipseLogger - Using platform encoding (Cp1252 actually) to copy filtered resources, i.e. build is platform dependent!
2021-08-23 16:51:30,033 [Worker-2: Building] INFO  o.e.m.c.i.embedder.EclipseLogger - Copying 0 resource
